{"/home/david/Documents/projects/nodejs/clanapp-api/dist/app.js":{"path":"/home/david/Documents/projects/nodejs/clanapp-api/dist/app.js","s":{"1":1,"2":1,"3":1,"4":1,"5":1,"6":1,"7":1,"8":1,"9":3,"10":1,"11":1,"12":1,"13":1,"14":1,"15":1,"16":1,"17":1,"18":1,"19":1,"20":1,"21":1,"22":1,"23":0,"24":1},"b":{"1":[0,3],"2":[3,3]},"f":{"1":3},"fnMap":{"1":{"name":"_interopRequireDefault","line":19,"loc":{"start":{"line":19,"column":0},"end":{"line":19,"column":37}}}},"statementMap":{"1":{"start":{"line":3,"column":0},"end":{"line":5,"column":3}},"2":{"start":{"line":7,"column":0},"end":{"line":7,"column":34}},"3":{"start":{"line":9,"column":0},"end":{"line":9,"column":49}},"4":{"start":{"line":11,"column":0},"end":{"line":11,"column":41}},"5":{"start":{"line":13,"column":0},"end":{"line":13,"column":55}},"6":{"start":{"line":15,"column":0},"end":{"line":15,"column":32}},"7":{"start":{"line":17,"column":0},"end":{"line":17,"column":47}},"8":{"start":{"line":19,"column":0},"end":{"line":19,"column":95}},"9":{"start":{"line":19,"column":39},"end":{"line":19,"column":93}},"10":{"start":{"line":21,"column":0},"end":{"line":21,"column":37}},"11":{"start":{"line":24,"column":0},"end":{"line":24,"column":62}},"12":{"start":{"line":25,"column":0},"end":{"line":25,"column":37}},"13":{"start":{"line":28,"column":0},"end":{"line":28,"column":38}},"14":{"start":{"line":29,"column":0},"end":{"line":34,"column":3}},"15":{"start":{"line":30,"column":4},"end":{"line":30,"column":51}},"16":{"start":{"line":31,"column":4},"end":{"line":31,"column":52}},"17":{"start":{"line":32,"column":4},"end":{"line":32,"column":52}},"18":{"start":{"line":33,"column":4},"end":{"line":33,"column":11}},"19":{"start":{"line":37,"column":0},"end":{"line":37,"column":32}},"20":{"start":{"line":38,"column":0},"end":{"line":40,"column":3}},"21":{"start":{"line":39,"column":4},"end":{"line":39,"column":74}},"22":{"start":{"line":42,"column":0},"end":{"line":45,"column":4}},"23":{"start":{"line":42,"column":27},"end":{"line":45,"column":2}},"24":{"start":{"line":47,"column":0},"end":{"line":47,"column":22}}},"branchMap":{"1":{"line":19,"type":"cond-expr","locations":[{"start":{"line":19,"column":70},"end":{"line":19,"column":73}},{"start":{"line":19,"column":76},"end":{"line":19,"column":92}}]},"2":{"line":19,"type":"binary-expr","locations":[{"start":{"line":19,"column":46},"end":{"line":19,"column":49}},{"start":{"line":19,"column":53},"end":{"line":19,"column":67}}]}}}}